# JRE version: OpenJDK Runtime Environment (Alibaba Dragonwell Standard Edition)-21.0.9.0.9+10-GA (21.0.9) (build 21.0.9.0.9)
# Java VM: OpenJDK 64-Bit Server VM (Alibaba Dragonwell Standard Edition)-21.0.9.0.9+10-GA (21.0.9.0.9, mixed mode, sharing, tiered, compressed oops, compressed class ptrs, g1 gc, windows-amd64)
GC Precious Log:
 CardTable entry size: 512
 Card Set container configuration: InlinePtr #cards 5 size 8 Array Of Cards #cards 12 size 40 Howl #buckets 4 coarsen threshold 1843 Howl Bitmap #cards 512 size 80 coarsen threshold 460 Card regions per heap region 1 cards per card region 2048
 CPUs: 8 total, 8 available
 Memory: 5965M
 Large Page Support: Disabled
 NUMA Support: Disabled
 Compressed Oops: Enabled (32-bit)
 Heap Region Size: 1M
 Heap Min Capacity: 8M
 Heap Initial Capacity: 94M
 Heap Max Capacity: 2G
 Pre-touch: Disabled
 Parallel Workers: 8
 Concurrent Workers: 2
 Concurrent Refinement Workers: 8
 Periodic GC: Disabled
Heap:
 garbage-first heap   total 89088K, used 61614K [0x0000000080000000, 0x0000000100000000)
  region size 1024K, 3 young (3072K), 1 survivors (1024K)
 Metaspace       used 55267K, committed 57152K, reserved 1114112K
  class space    used 8000K, committed 8960K, reserved 1048576K
GC Heap History (20 events):
Event: 7.291 GC heap before
{Heap before GC invocations=10 (full 0):
 garbage-first heap   total 86016K, used 73931K [0x0000000080000000, 0x0000000100000000)
  region size 1024K, 46 young (47104K), 4 survivors (4096K)
 Metaspace       used 36831K, committed 38208K, reserved 1114112K
  class space    used 5301K, committed 5952K, reserved 1048576K
}
Event: 7.295 GC heap after
{Heap after GC invocations=11 (full 0):
 garbage-first heap   total 86016K, used 33374K [0x0000000080000000, 0x0000000100000000)
  region size 1024K, 4 young (4096K), 4 survivors (4096K)
 Metaspace       used 36831K, committed 38208K, reserved 1114112K
  class space    used 5301K, committed 5952K, reserved 1048576K
}
Event: 8.231 GC heap before
{Heap before GC invocations=11 (full 0):
 garbage-first heap   total 86016K, used 74334K [0x0000000080000000, 0x0000000100000000)
  region size 1024K, 44 young (45056K), 4 survivors (4096K)
 Metaspace       used 41625K, committed 43264K, reserved 1114112K
  class space    used 6097K, committed 6912K, reserved 1048576K
}
Event: 8.236 GC heap after
{Heap after GC invocations=12 (full 0):
 garbage-first heap   total 86016K, used 34503K [0x0000000080000000, 0x0000000100000000)
  region size 1024K, 4 young (4096K), 4 survivors (4096K)
 Metaspace       used 41625K, committed 43264K, reserved 1114112K
  class space    used 6097K, committed 6912K, reserved 1048576K
}
Event: 9.029 GC heap before
{Heap before GC invocations=12 (full 0):
 garbage-first heap   total 86016K, used 76487K [0x0000000080000000, 0x0000000100000000)
  region size 1024K, 45 young (46080K), 4 survivors (4096K)
 Metaspace       used 46879K, committed 48576K, reserved 1114112K
  class space    used 6868K, committed 7680K, reserved 1048576K
}
Event: 9.033 GC heap after
{Heap after GC invocations=13 (full 0):
 garbage-first heap   total 86016K, used 37259K [0x0000000080000000, 0x0000000100000000)
  region size 1024K, 5 young (5120K), 5 survivors (5120K)
 Metaspace       used 46879K, committed 48576K, reserved 1114112K
  class space    used 6868K, committed 7680K, reserved 1048576K
}
Event: 9.854 GC heap before
{Heap before GC invocations=13 (full 0):
 garbage-first heap   total 86016K, used 76171K [0x0000000080000000, 0x0000000100000000)
  region size 1024K, 43 young (44032K), 5 survivors (5120K)
 Metaspace       used 51662K, committed 53376K, reserved 1114112K
  class space    used 7611K, committed 8448K, reserved 1048576K
}
Event: 9.859 GC heap after
{Heap after GC invocations=14 (full 0):
 garbage-first heap   total 86016K, used 39767K [0x0000000080000000, 0x0000000100000000)
  region size 1024K, 6 young (6144K), 6 survivors (6144K)
 Metaspace       used 51662K, committed 53376K, reserved 1114112K
  class space    used 7611K, committed 8448K, reserved 1048576K
}
Event: 11.133 GC heap before
{Heap before GC invocations=14 (full 0):
 garbage-first heap   total 86016K, used 76631K [0x0000000080000000, 0x0000000100000000)
  region size 1024K, 42 young (43008K), 6 survivors (6144K)
 Metaspace       used 53914K, committed 55808K, reserved 1114112K
  class space    used 7878K, committed 8832K, reserved 1048576K
}
Event: 11.141 GC heap after
{Heap after GC invocations=15 (full 0):
 garbage-first heap   total 89088K, used 45471K [0x0000000080000000, 0x0000000100000000)
  region size 1024K, 6 young (6144K), 6 survivors (6144K)
 Metaspace       used 53914K, committed 55808K, reserved 1114112K
  class space    used 7878K, committed 8832K, reserved 1048576K
}
Event: 11.774 GC heap before
{Heap before GC invocations=15 (full 0):
 garbage-first heap   total 89088K, used 77215K [0x0000000080000000, 0x0000000100000000)
  region size 1024K, 38 young (38912K), 6 survivors (6144K)
 Metaspace       used 54310K, committed 56192K, reserved 1114112K
  class space    used 7879K, committed 8832K, reserved 1048576K
}
Event: 11.782 GC heap after
{Heap after GC invocations=16 (full 0):
 garbage-first heap   total 89088K, used 49742K [0x0000000080000000, 0x0000000100000000)
  region size 1024K, 5 young (5120K), 5 survivors (5120K)
 Metaspace       used 54310K, committed 56192K, reserved 1114112K
  class space    used 7879K, committed 8832K, reserved 1048576K
}
Event: 12.359 GC heap before
{Heap before GC invocations=16 (full 0):
 garbage-first heap   total 89088K, used 77390K [0x0000000080000000, 0x0000000100000000)
  region size 1024K, 33 young (33792K), 5 survivors (5120K)
 Metaspace       used 54610K, committed 56448K, reserved 1114112K
  class space    used 7879K, committed 8832K, reserved 1048576K
}
Event: 12.362 GC heap after
{Heap after GC invocations=17 (full 0):
 garbage-first heap   total 89088K, used 51179K [0x0000000080000000, 0x0000000100000000)
  region size 1024K, 4 young (4096K), 4 survivors (4096K)
 Metaspace       used 54610K, committed 56448K, reserved 1114112K
  class space    used 7879K, committed 8832K, reserved 1048576K
}
Event: 12.733 GC heap before
{Heap before GC invocations=18 (full 0):
 garbage-first heap   total 89088K, used 77803K [0x0000000080000000, 0x0000000100000000)
  region size 1024K, 31 young (31744K), 4 survivors (4096K)
 Metaspace       used 54618K, committed 56448K, reserved 1114112K
  class space    used 7879K, committed 8832K, reserved 1048576K
}
Event: 12.738 GC heap after
{Heap after GC invocations=19 (full 0):
 garbage-first heap   total 89088K, used 52956K [0x0000000080000000, 0x0000000100000000)
  region size 1024K, 4 young (4096K), 4 survivors (4096K)
 Metaspace       used 54618K, committed 56448K, reserved 1114112K
  class space    used 7879K, committed 8832K, reserved 1048576K
}
Event: 13.215 GC heap before
{Heap before GC invocations=19 (full 0):
 garbage-first heap   total 89088K, used 79580K [0x0000000080000000, 0x0000000100000000)
  region size 1024K, 29 young (29696K), 4 survivors (4096K)
 Metaspace       used 55203K, committed 57024K, reserved 1114112K
  class space    used 7986K, committed 8896K, reserved 1048576K
}
Event: 13.220 GC heap after
{Heap after GC invocations=20 (full 0):
 garbage-first heap   total 89088K, used 56645K [0x0000000080000000, 0x0000000100000000)
  region size 1024K, 4 young (4096K), 4 survivors (4096K)
 Metaspace       used 55203K, committed 57024K, reserved 1114112K
  class space    used 7986K, committed 8896K, reserved 1048576K
}
Event: 13.241 GC heap before
{Heap before GC invocations=20 (full 0):
 garbage-first heap   total 89088K, used 57669K [0x0000000080000000, 0x0000000100000000)
  region size 1024K, 6 young (6144K), 4 survivors (4096K)
 Metaspace       used 55267K, committed 57152K, reserved 1114112K
  class space    used 8000K, committed 8960K, reserved 1048576K
}
Event: 13.243 GC heap after
{Heap after GC invocations=21 (full 0):
 garbage-first heap   total 89088K, used 57518K [0x0000000080000000, 0x0000000100000000)
  region size 1024K, 1 young (1024K), 1 survivors (1024K)
 Metaspace       used 55267K, committed 57152K, reserved 1114112K
  class space    used 8000K, committed 8960K, reserved 1048576K
}

