# JRE version: OpenJDK Runtime Environment (Alibaba Dragonwell Standard Edition)-21.0.9.0.9+10-GA (21.0.9) (build 21.0.9.0.9)
# Java VM: OpenJDK 64-Bit Server VM (Alibaba Dragonwell Standard Edition)-21.0.9.0.9+10-GA (21.0.9.0.9, mixed mode, sharing, tiered, compressed oops, compressed class ptrs, g1 gc, windows-amd64)
GC Precious Log:
 CardTable entry size: 512
 Card Set container configuration: InlinePtr #cards 5 size 8 Array Of Cards #cards 12 size 40 Howl #buckets 4 coarsen threshold 1843 Howl Bitmap #cards 512 size 80 coarsen threshold 460 Card regions per heap region 1 cards per card region 2048
 CPUs: 8 total, 8 available
 Memory: 5965M
 Large Page Support: Disabled
 NUMA Support: Disabled
 Compressed Oops: Enabled (32-bit)
 Heap Region Size: 1M
 Heap Min Capacity: 8M
 Heap Initial Capacity: 94M
 Heap Max Capacity: 2G
 Pre-touch: Disabled
 Parallel Workers: 8
 Concurrent Workers: 2
 Concurrent Refinement Workers: 8
 Periodic GC: Disabled
Heap:
 garbage-first heap   total 116736K, used 100350K [0x0000000080000000, 0x0000000100000000)
  region size 1024K, 32 young (32768K), 3 survivors (3072K)
 Metaspace       used 66129K, committed 68224K, reserved 1114112K
  class space    used 9313K, committed 10368K, reserved 1048576K
GC Heap History (20 events):
Event: 11.901 GC heap before
{Heap before GC invocations=14 (full 0):
 garbage-first heap   total 86016K, used 77781K [0x0000000080000000, 0x0000000100000000)
  region size 1024K, 42 young (43008K), 5 survivors (5120K)
 Metaspace       used 53933K, committed 55808K, reserved 1114112K
  class space    used 7877K, committed 8832K, reserved 1048576K
}
Event: 11.909 GC heap after
{Heap after GC invocations=15 (full 0):
 garbage-first heap   total 89088K, used 45895K [0x0000000080000000, 0x0000000100000000)
  region size 1024K, 6 young (6144K), 6 survivors (6144K)
 Metaspace       used 53933K, committed 55808K, reserved 1114112K
  class space    used 7877K, committed 8832K, reserved 1048576K
}
Event: 12.557 GC heap before
{Heap before GC invocations=15 (full 0):
 garbage-first heap   total 89088K, used 76615K [0x0000000080000000, 0x0000000100000000)
  region size 1024K, 37 young (37888K), 6 survivors (6144K)
 Metaspace       used 54299K, committed 56192K, reserved 1114112K
  class space    used 7877K, committed 8832K, reserved 1048576K
}
Event: 12.564 GC heap after
{Heap after GC invocations=16 (full 0):
 garbage-first heap   total 89088K, used 49284K [0x0000000080000000, 0x0000000100000000)
  region size 1024K, 5 young (5120K), 5 survivors (5120K)
 Metaspace       used 54299K, committed 56192K, reserved 1114112K
  class space    used 7877K, committed 8832K, reserved 1048576K
}
Event: 13.139 GC heap before
{Heap before GC invocations=16 (full 0):
 garbage-first heap   total 89088K, used 76932K [0x0000000080000000, 0x0000000100000000)
  region size 1024K, 33 young (33792K), 5 survivors (5120K)
 Metaspace       used 54591K, committed 56512K, reserved 1114112K
  class space    used 7878K, committed 8832K, reserved 1048576K
}
Event: 13.145 GC heap after
{Heap after GC invocations=17 (full 0):
 garbage-first heap   total 89088K, used 51154K [0x0000000080000000, 0x0000000100000000)
  region size 1024K, 4 young (4096K), 4 survivors (4096K)
 Metaspace       used 54591K, committed 56512K, reserved 1114112K
  class space    used 7878K, committed 8832K, reserved 1048576K
}
Event: 13.553 GC heap before
{Heap before GC invocations=18 (full 0):
 garbage-first heap   total 89088K, used 77778K [0x0000000080000000, 0x0000000100000000)
  region size 1024K, 31 young (31744K), 4 survivors (4096K)
 Metaspace       used 54642K, committed 56512K, reserved 1114112K
  class space    used 7886K, committed 8832K, reserved 1048576K
}
Event: 13.558 GC heap after
{Heap after GC invocations=19 (full 0):
 garbage-first heap   total 89088K, used 52843K [0x0000000080000000, 0x0000000100000000)
  region size 1024K, 4 young (4096K), 4 survivors (4096K)
 Metaspace       used 54642K, committed 56512K, reserved 1114112K
  class space    used 7886K, committed 8832K, reserved 1048576K
}
Event: 14.099 GC heap before
{Heap before GC invocations=19 (full 0):
 garbage-first heap   total 89088K, used 80491K [0x0000000080000000, 0x0000000100000000)
  region size 1024K, 30 young (30720K), 4 survivors (4096K)
 Metaspace       used 55195K, committed 57024K, reserved 1114112K
  class space    used 7982K, committed 8896K, reserved 1048576K
}
Event: 14.104 GC heap after
{Heap after GC invocations=20 (full 0):
 garbage-first heap   total 89088K, used 56235K [0x0000000080000000, 0x0000000100000000)
  region size 1024K, 4 young (4096K), 4 survivors (4096K)
 Metaspace       used 55195K, committed 57024K, reserved 1114112K
  class space    used 7982K, committed 8896K, reserved 1048576K
}
Event: 14.139 GC heap before
{Heap before GC invocations=20 (full 0):
 garbage-first heap   total 89088K, used 57259K [0x0000000080000000, 0x0000000100000000)
  region size 1024K, 6 young (6144K), 4 survivors (4096K)
 Metaspace       used 55275K, committed 57152K, reserved 1114112K
  class space    used 7999K, committed 8960K, reserved 1048576K
}
Event: 14.142 GC heap after
{Heap after GC invocations=21 (full 0):
 garbage-first heap   total 89088K, used 57123K [0x0000000080000000, 0x0000000100000000)
  region size 1024K, 1 young (1024K), 1 survivors (1024K)
 Metaspace       used 55275K, committed 57152K, reserved 1114112K
  class space    used 7999K, committed 8960K, reserved 1048576K
}
Event: 14.986 GC heap before
{Heap before GC invocations=22 (full 0):
 garbage-first heap   total 101376K, used 85795K [0x0000000080000000, 0x0000000100000000)
  region size 1024K, 23 young (23552K), 1 survivors (1024K)
 Metaspace       used 56337K, committed 58304K, reserved 1114112K
  class space    used 8119K, committed 9088K, reserved 1048576K
}
Event: 14.988 GC heap after
{Heap after GC invocations=23 (full 0):
 garbage-first heap   total 101376K, used 68280K [0x0000000080000000, 0x0000000100000000)
  region size 1024K, 3 young (3072K), 3 survivors (3072K)
 Metaspace       used 56337K, committed 58304K, reserved 1114112K
  class space    used 8119K, committed 9088K, reserved 1048576K
}
Event: 15.619 GC heap before
{Heap before GC invocations=23 (full 0):
 garbage-first heap   total 101376K, used 88760K [0x0000000080000000, 0x0000000100000000)
  region size 1024K, 24 young (24576K), 3 survivors (3072K)
 Metaspace       used 58147K, committed 60096K, reserved 1114112K
  class space    used 8316K, committed 9280K, reserved 1048576K
}
Event: 15.624 GC heap after
{Heap after GC invocations=24 (full 0):
 garbage-first heap   total 101376K, used 68258K [0x0000000080000000, 0x0000000100000000)
  region size 1024K, 1 young (1024K), 1 survivors (1024K)
 Metaspace       used 58147K, committed 60096K, reserved 1114112K
  class space    used 8316K, committed 9280K, reserved 1048576K
}
Event: 16.074 GC heap before
{Heap before GC invocations=24 (full 0):
 garbage-first heap   total 101376K, used 89762K [0x0000000080000000, 0x0000000100000000)
  region size 1024K, 23 young (23552K), 1 survivors (1024K)
 Metaspace       used 60367K, committed 62272K, reserved 1114112K
  class space    used 8541K, committed 9472K, reserved 1048576K
}
Event: 16.077 GC heap after
{Heap after GC invocations=25 (full 0):
 garbage-first heap   total 101376K, used 68723K [0x0000000080000000, 0x0000000100000000)
  region size 1024K, 2 young (2048K), 2 survivors (2048K)
 Metaspace       used 60367K, committed 62272K, reserved 1114112K
  class space    used 8541K, committed 9472K, reserved 1048576K
}
Event: 16.724 GC heap before
{Heap before GC invocations=26 (full 0):
 garbage-first heap   total 116736K, used 92275K [0x0000000080000000, 0x0000000100000000)
  region size 1024K, 25 young (25600K), 2 survivors (2048K)
 Metaspace       used 62749K, committed 64768K, reserved 1114112K
  class space    used 8882K, committed 9856K, reserved 1048576K
}
Event: 16.728 GC heap after
{Heap after GC invocations=27 (full 0):
 garbage-first heap   total 116736K, used 69630K [0x0000000080000000, 0x0000000100000000)
  region size 1024K, 3 young (3072K), 3 survivors (3072K)
 Metaspace       used 62749K, committed 64768K, reserved 1114112K
  class space    used 8882K, committed 9856K, reserved 1048576K
}

