# JRE version: Java(TM) SE Runtime Environment (8.0_481) (build 1.8.0_481-b10)
# Java VM: Java HotSpot(TM) 64-Bit Server VM (25.481-b10 mixed mode windows-amd64 compressed oops)
Heap:
 PSYoungGen      total 16896K, used 14097K [0x00000000feb00000, 0x0000000100000000, 0x0000000100000000)
  eden space 12288K, 97% used [0x00000000feb00000,0x00000000ff6ba0f8,0x00000000ff700000)
  from space 4608K, 45% used [0x00000000ff700000,0x00000000ff90a338,0x00000000ffb80000)
  to   space 4608K, 0% used [0x00000000ffb80000,0x00000000ffb80000,0x0000000100000000)
 ParOldGen       total 44032K, used 6359K [0x00000000fc000000, 0x00000000feb00000, 0x00000000feb00000)
  object space 44032K, 14% used [0x00000000fc000000,0x00000000fc635fe8,0x00000000feb00000)
 Metaspace       used 15835K, capacity 16524K, committed 16768K, reserved 1062912K
  class space    used 2123K, capacity 2312K, committed 2432K, reserved 1048576K
GC Heap History (10 events):
Event: 5.257 GC heap before
{Heap before GC invocations=5 (full 0):
 PSYoungGen      total 18944K, used 18928K [0x00000000feb00000, 0x0000000100000000, 0x0000000100000000)
  eden space 16384K, 100% used [0x00000000feb00000,0x00000000ffb00000,0x00000000ffb00000)
  from space 2560K, 99% used [0x00000000ffd80000,0x00000000ffffc010,0x0000000100000000)
  to   space 2560K, 0% used [0x00000000ffb00000,0x00000000ffb00000,0x00000000ffd80000)
 ParOldGen       total 44032K, used 1337K [0x00000000fc000000, 0x00000000feb00000, 0x00000000feb00000)
  object space 44032K, 3% used [0x00000000fc000000,0x00000000fc14e5c8,0x00000000feb00000)
 Metaspace       used 9680K, capacity 10030K, committed 10240K, reserved 1058816K
  class space    used 1295K, capacity 1429K, committed 1536K, reserved 1048576K
Event: 5.261 GC heap after
Heap after GC invocations=5 (full 0):
 PSYoungGen      total 18944K, used 2528K [0x00000000feb00000, 0x0000000100000000, 0x0000000100000000)
  eden space 16384K, 0% used [0x00000000feb00000,0x00000000feb00000,0x00000000ffb00000)
  from space 2560K, 98% used [0x00000000ffb00000,0x00000000ffd78020,0x00000000ffd80000)
  to   space 2560K, 0% used [0x00000000ffd80000,0x00000000ffd80000,0x0000000100000000)
 ParOldGen       total 44032K, used 2413K [0x00000000fc000000, 0x00000000feb00000, 0x00000000feb00000)
  object space 44032K, 5% used [0x00000000fc000000,0x00000000fc25b5a0,0x00000000feb00000)
 Metaspace       used 9680K, capacity 10030K, committed 10240K, reserved 1058816K
  class space    used 1295K, capacity 1429K, committed 1536K, reserved 1048576K
}
Event: 6.384 GC heap before
{Heap before GC invocations=6 (full 0):
 PSYoungGen      total 18944K, used 18912K [0x00000000feb00000, 0x0000000100000000, 0x0000000100000000)
  eden space 16384K, 100% used [0x00000000feb00000,0x00000000ffb00000,0x00000000ffb00000)
  from space 2560K, 98% used [0x00000000ffb00000,0x00000000ffd78020,0x00000000ffd80000)
  to   space 2560K, 0% used [0x00000000ffd80000,0x00000000ffd80000,0x0000000100000000)
 ParOldGen       total 44032K, used 2413K [0x00000000fc000000, 0x00000000feb00000, 0x00000000feb00000)
  object space 44032K, 5% used [0x00000000fc000000,0x00000000fc25b5a0,0x00000000feb00000)
 Metaspace       used 11289K, capacity 11764K, committed 12032K, reserved 1058816K
  class space    used 1526K, capacity 1678K, committed 1792K, reserved 1048576K
Event: 6.388 GC heap after
Heap after GC invocations=6 (full 0):
 PSYoungGen      total 13824K, used 2528K [0x00000000feb00000, 0x0000000100000000, 0x0000000100000000)
  eden space 11264K, 0% used [0x00000000feb00000,0x00000000feb00000,0x00000000ff600000)
  from space 2560K, 98% used [0x00000000ffd80000,0x00000000ffff8020,0x0000000100000000)
  to   space 5120K, 0% used [0x00000000ff600000,0x00000000ff600000,0x00000000ffb00000)
 ParOldGen       total 44032K, used 3853K [0x00000000fc000000, 0x00000000feb00000, 0x00000000feb00000)
  object space 44032K, 8% used [0x00000000fc000000,0x00000000fc3c3698,0x00000000feb00000)
 Metaspace       used 11289K, capacity 11764K, committed 12032K, reserved 1058816K
  class space    used 1526K, capacity 1678K, committed 1792K, reserved 1048576K
}
Event: 8.575 GC heap before
{Heap before GC invocations=7 (full 0):
 PSYoungGen      total 13824K, used 13792K [0x00000000feb00000, 0x0000000100000000, 0x0000000100000000)
  eden space 11264K, 100% used [0x00000000feb00000,0x00000000ff600000,0x00000000ff600000)
  from space 2560K, 98% used [0x00000000ffd80000,0x00000000ffff8020,0x0000000100000000)
  to   space 5120K, 0% used [0x00000000ff600000,0x00000000ff600000,0x00000000ffb00000)
 ParOldGen       total 44032K, used 3853K [0x00000000fc000000, 0x00000000feb00000, 0x00000000feb00000)
  object space 44032K, 8% used [0x00000000fc000000,0x00000000fc3c3698,0x00000000feb00000)
 Metaspace       used 11983K, capacity 12410K, committed 12544K, reserved 1060864K
  class space    used 1634K, capacity 1743K, committed 1792K, reserved 1048576K
Event: 8.582 GC heap after
Heap after GC invocations=7 (full 0):
 PSYoungGen      total 16384K, used 2576K [0x00000000feb00000, 0x0000000100000000, 0x0000000100000000)
  eden space 11264K, 0% used [0x00000000feb00000,0x00000000feb00000,0x00000000ff600000)
  from space 5120K, 50% used [0x00000000ff600000,0x00000000ff884010,0x00000000ffb00000)
  to   space 4608K, 0% used [0x00000000ffb80000,0x00000000ffb80000,0x0000000100000000)
 ParOldGen       total 44032K, used 4497K [0x00000000fc000000, 0x00000000feb00000, 0x00000000feb00000)
  object space 44032K, 10% used [0x00000000fc000000,0x00000000fc4646f8,0x00000000feb00000)
 Metaspace       used 11983K, capacity 12410K, committed 12544K, reserved 1060864K
  class space    used 1634K, capacity 1743K, committed 1792K, reserved 1048576K
}
Event: 8.852 GC heap before
{Heap before GC invocations=8 (full 0):
 PSYoungGen      total 16384K, used 13840K [0x00000000feb00000, 0x0000000100000000, 0x0000000100000000)
  eden space 11264K, 100% used [0x00000000feb00000,0x00000000ff600000,0x00000000ff600000)
  from space 5120K, 50% used [0x00000000ff600000,0x00000000ff884010,0x00000000ffb00000)
  to   space 4608K, 0% used [0x00000000ffb80000,0x00000000ffb80000,0x0000000100000000)
 ParOldGen       total 44032K, used 4497K [0x00000000fc000000, 0x00000000feb00000, 0x00000000feb00000)
  object space 44032K, 10% used [0x00000000fc000000,0x00000000fc4646f8,0x00000000feb00000)
 Metaspace       used 13079K, capacity 13558K, committed 13824K, reserved 1060864K
  class space    used 1784K, capacity 1923K, committed 2048K, reserved 1048576K
Event: 8.860 GC heap after
Heap after GC invocations=8 (full 0):
 PSYoungGen      total 16896K, used 2029K [0x00000000feb00000, 0x0000000100000000, 0x0000000100000000)
  eden space 12288K, 0% used [0x00000000feb00000,0x00000000feb00000,0x00000000ff700000)
  from space 4608K, 44% used [0x00000000ffb80000,0x00000000ffd7b548,0x0000000100000000)
  to   space 4608K, 0% used [0x00000000ff700000,0x00000000ff700000,0x00000000ffb80000)
 ParOldGen       total 44032K, used 5641K [0x00000000fc000000, 0x00000000feb00000, 0x00000000feb00000)
  object space 44032K, 12% used [0x00000000fc000000,0x00000000fc582738,0x00000000feb00000)
 Metaspace       used 13079K, capacity 13558K, committed 13824K, reserved 1060864K
  class space    used 1784K, capacity 1923K, committed 2048K, reserved 1048576K
}
Event: 10.152 GC heap before
{Heap before GC invocations=9 (full 0):
 PSYoungGen      total 16896K, used 14317K [0x00000000feb00000, 0x0000000100000000, 0x0000000100000000)
  eden space 12288K, 100% used [0x00000000feb00000,0x00000000ff700000,0x00000000ff700000)
  from space 4608K, 44% used [0x00000000ffb80000,0x00000000ffd7b548,0x0000000100000000)
  to   space 4608K, 0% used [0x00000000ff700000,0x00000000ff700000,0x00000000ffb80000)
 ParOldGen       total 44032K, used 5641K [0x00000000fc000000, 0x00000000feb00000, 0x00000000feb00000)
  object space 44032K, 12% used [0x00000000fc000000,0x00000000fc582738,0x00000000feb00000)
 Metaspace       used 14399K, capacity 15054K, committed 15232K, reserved 1062912K
  class space    used 1955K, capacity 2127K, committed 2176K, reserved 1048576K
Event: 10.157 GC heap after
Heap after GC invocations=9 (full 0):
 PSYoungGen      total 16896K, used 2088K [0x00000000feb00000, 0x0000000100000000, 0x0000000100000000)
  eden space 12288K, 0% used [0x00000000feb00000,0x00000000feb00000,0x00000000ff700000)
  from space 4608K, 45% used [0x00000000ff700000,0x00000000ff90a338,0x00000000ffb80000)
  to   space 4608K, 0% used [0x00000000ffb80000,0x00000000ffb80000,0x0000000100000000)
 ParOldGen       total 44032K, used 6359K [0x00000000fc000000, 0x00000000feb00000, 0x00000000feb00000)
  object space 44032K, 14% used [0x00000000fc000000,0x00000000fc635fe8,0x00000000feb00000)
 Metaspace       used 14399K, capacity 15054K, committed 15232K, reserved 1062912K
  class space    used 1955K, capacity 2127K, committed 2176K, reserved 1048576K
}

