# JRE version: OpenJDK Runtime Environment (Alibaba Dragonwell Standard Edition)-21.0.9.0.9+10-GA (21.0.9) (build 21.0.9.0.9)
# Java VM: OpenJDK 64-Bit Server VM (Alibaba Dragonwell Standard Edition)-21.0.9.0.9+10-GA (21.0.9.0.9, mixed mode, sharing, tiered, compressed oops, compressed class ptrs, g1 gc, windows-amd64)
GC Precious Log:
 CardTable entry size: 512
 Card Set container configuration: InlinePtr #cards 5 size 8 Array Of Cards #cards 12 size 40 Howl #buckets 4 coarsen threshold 1843 Howl Bitmap #cards 512 size 80 coarsen threshold 460 Card regions per heap region 1 cards per card region 2048
 CPUs: 8 total, 8 available
 Memory: 5965M
 Large Page Support: Disabled
 NUMA Support: Disabled
 Compressed Oops: Enabled (32-bit)
 Heap Region Size: 1M
 Heap Min Capacity: 8M
 Heap Initial Capacity: 94M
 Heap Max Capacity: 2G
 Pre-touch: Disabled
 Parallel Workers: 8
 Concurrent Workers: 2
 Concurrent Refinement Workers: 8
 Periodic GC: Disabled
Heap:
 garbage-first heap   total 412672K, used 174382K [0x0000000080000000, 0x0000000100000000)
  region size 1024K, 15 young (15360K), 1 survivors (1024K)
 Metaspace       used 136491K, committed 139072K, reserved 1179648K
  class space    used 19398K, committed 20672K, reserved 1048576K
GC Heap History (20 events):
Event: 50.834 GC heap before
{Heap before GC invocations=59 (full 0):
 garbage-first heap   total 319488K, used 301349K [0x0000000080000000, 0x0000000100000000)
  region size 1024K, 144 young (147456K), 4 survivors (4096K)
 Metaspace       used 134833K, committed 137472K, reserved 1179648K
  class space    used 19273K, committed 20544K, reserved 1048576K
}
Event: 50.841 GC heap after
{Heap after GC invocations=60 (full 0):
 garbage-first heap   total 319488K, used 159634K [0x0000000080000000, 0x0000000100000000)
  region size 1024K, 6 young (6144K), 6 survivors (6144K)
 Metaspace       used 134833K, committed 137472K, reserved 1179648K
  class space    used 19273K, committed 20544K, reserved 1048576K
}
Event: 51.335 GC heap before
{Heap before GC invocations=60 (full 0):
 garbage-first heap   total 319488K, used 300946K [0x0000000080000000, 0x0000000100000000)
  region size 1024K, 144 young (147456K), 6 survivors (6144K)
 Metaspace       used 134905K, committed 137536K, reserved 1179648K
  class space    used 19282K, committed 20544K, reserved 1048576K
}
Event: 51.350 GC heap after
{Heap after GC invocations=61 (full 0):
 garbage-first heap   total 319488K, used 159501K [0x0000000080000000, 0x0000000100000000)
  region size 1024K, 7 young (7168K), 7 survivors (7168K)
 Metaspace       used 134905K, committed 137536K, reserved 1179648K
  class space    used 19282K, committed 20544K, reserved 1048576K
}
Event: 51.887 GC heap before
{Heap before GC invocations=61 (full 0):
 garbage-first heap   total 319488K, used 301837K [0x0000000080000000, 0x0000000100000000)
  region size 1024K, 146 young (149504K), 7 survivors (7168K)
 Metaspace       used 135046K, committed 137664K, reserved 1179648K
  class space    used 19283K, committed 20544K, reserved 1048576K
}
Event: 51.898 GC heap after
{Heap after GC invocations=62 (full 0):
 garbage-first heap   total 319488K, used 160679K [0x0000000080000000, 0x0000000100000000)
  region size 1024K, 9 young (9216K), 9 survivors (9216K)
 Metaspace       used 135046K, committed 137664K, reserved 1179648K
  class space    used 19283K, committed 20544K, reserved 1048576K
}
Event: 52.522 GC heap before
{Heap before GC invocations=63 (full 0):
 garbage-first heap   total 319488K, used 300967K [0x0000000080000000, 0x0000000100000000)
  region size 1024K, 146 young (149504K), 9 survivors (9216K)
 Metaspace       used 135274K, committed 137856K, reserved 1179648K
  class space    used 19284K, committed 20544K, reserved 1048576K
}
Event: 52.531 GC heap after
{Heap after GC invocations=64 (full 0):
 garbage-first heap   total 319488K, used 162289K [0x0000000080000000, 0x0000000100000000)
  region size 1024K, 10 young (10240K), 10 survivors (10240K)
 Metaspace       used 135274K, committed 137856K, reserved 1179648K
  class space    used 19284K, committed 20544K, reserved 1048576K
}
Event: 52.800 GC heap before
{Heap before GC invocations=64 (full 0):
 garbage-first heap   total 319488K, used 301553K [0x0000000080000000, 0x0000000100000000)
  region size 1024K, 146 young (149504K), 10 survivors (10240K)
 Metaspace       used 135424K, committed 137984K, reserved 1179648K
  class space    used 19289K, committed 20544K, reserved 1048576K
}
Event: 52.816 GC heap after
{Heap after GC invocations=65 (full 0):
 garbage-first heap   total 319488K, used 159578K [0x0000000080000000, 0x0000000100000000)
  region size 1024K, 10 young (10240K), 10 survivors (10240K)
 Metaspace       used 135424K, committed 137984K, reserved 1179648K
  class space    used 19289K, committed 20544K, reserved 1048576K
}
Event: 53.100 GC heap before
{Heap before GC invocations=65 (full 0):
 garbage-first heap   total 319488K, used 301914K [0x0000000080000000, 0x0000000100000000)
  region size 1024K, 149 young (152576K), 10 survivors (10240K)
 Metaspace       used 135741K, committed 138304K, reserved 1179648K
  class space    used 19344K, committed 20608K, reserved 1048576K
}
Event: 53.111 GC heap after
{Heap after GC invocations=66 (full 0):
 garbage-first heap   total 319488K, used 162548K [0x0000000080000000, 0x0000000100000000)
  region size 1024K, 13 young (13312K), 13 survivors (13312K)
 Metaspace       used 135741K, committed 138304K, reserved 1179648K
  class space    used 19344K, committed 20608K, reserved 1048576K
}
Event: 53.532 GC heap before
{Heap before GC invocations=67 (full 0):
 garbage-first heap   total 319488K, used 301812K [0x0000000080000000, 0x0000000100000000)
  region size 1024K, 149 young (152576K), 13 survivors (13312K)
 Metaspace       used 136053K, committed 138624K, reserved 1179648K
  class space    used 19387K, committed 20608K, reserved 1048576K
}
Event: 53.544 GC heap after
{Heap after GC invocations=68 (full 0):
 garbage-first heap   total 319488K, used 162925K [0x0000000080000000, 0x0000000100000000)
  region size 1024K, 11 young (11264K), 11 survivors (11264K)
 Metaspace       used 136053K, committed 138624K, reserved 1179648K
  class space    used 19387K, committed 20608K, reserved 1048576K
}
Event: 54.354 GC heap before
{Heap before GC invocations=68 (full 0):
 garbage-first heap   total 319488K, used 300141K [0x0000000080000000, 0x0000000100000000)
  region size 1024K, 146 young (149504K), 11 survivors (11264K)
 Metaspace       used 136444K, committed 139072K, reserved 1179648K
  class space    used 19398K, committed 20672K, reserved 1048576K
}
Event: 55.365 GC heap after
{Heap after GC invocations=69 (full 0):
 garbage-first heap   total 412672K, used 162494K [0x0000000080000000, 0x0000000100000000)
  region size 1024K, 14 young (14336K), 14 survivors (14336K)
 Metaspace       used 136444K, committed 139072K, reserved 1179648K
  class space    used 19398K, committed 20672K, reserved 1048576K
}
Event: 55.412 GC heap before
{Heap before GC invocations=69 (full 0):
 garbage-first heap   total 412672K, used 167614K [0x0000000080000000, 0x0000000100000000)
  region size 1024K, 20 young (20480K), 14 survivors (14336K)
 Metaspace       used 136474K, committed 139072K, reserved 1179648K
  class space    used 19398K, committed 20672K, reserved 1048576K
}
Event: 55.420 GC heap after
{Heap after GC invocations=70 (full 0):
 garbage-first heap   total 412672K, used 163547K [0x0000000080000000, 0x0000000100000000)
  region size 1024K, 2 young (2048K), 2 survivors (2048K)
 Metaspace       used 136474K, committed 139072K, reserved 1179648K
  class space    used 19398K, committed 20672K, reserved 1048576K
}
Event: 55.600 GC heap before
{Heap before GC invocations=70 (full 0):
 garbage-first heap   total 412672K, used 180955K [0x0000000080000000, 0x0000000100000000)
  region size 1024K, 20 young (20480K), 2 survivors (2048K)
 Metaspace       used 136486K, committed 139072K, reserved 1179648K
  class space    used 19398K, committed 20672K, reserved 1048576K
}
Event: 55.601 GC heap after
{Heap after GC invocations=71 (full 0):
 garbage-first heap   total 412672K, used 162094K [0x0000000080000000, 0x0000000100000000)
  region size 1024K, 1 young (1024K), 1 survivors (1024K)
 Metaspace       used 136486K, committed 139072K, reserved 1179648K
  class space    used 19398K, committed 20672K, reserved 1048576K
}

